<?xml version="1.0" encoding="UTF-8"?>
<!-- Generated by org.testng.reporters.JUnitReportReporter -->
<testsuite hostname="DESKTOP-1IU5JRQ" failures="0" tests="1" name="runner.Runner" time="16.102" errors="0" timestamp="2024-04-18T17:52:04 IST" skipped="0">
  <testcase classname="runner.Runner" name="runScenario" time="16.102"/>
  <system-out/>
</testsuite> <!-- runner.Runner -->
