<?xml version="1.0" encoding="UTF-8"?>
<!-- Generated by org.testng.reporters.JUnitReportReporter -->
<testsuite hostname="DESKTOP-1IU5JRQ" failures="0" tests="1" name="org.objectrepositary.LoginTest" time="28.420" errors="0" timestamp="2024-04-16T18:41:05 IST" skipped="0">
  <testcase classname="org.objectrepositary.LoginTest" name="login" time="28.420"/>
</testsuite> <!-- org.objectrepositary.LoginTest -->
