<?xml version="1.0" encoding="UTF-8"?>
<!-- Generated by org.testng.reporters.JUnitReportReporter -->
<testsuite hostname="DESKTOP-1IU5JRQ" failures="0" tests="1" name="org.objectrepositary.LoginTest" time="25.179" errors="0" timestamp="2024-04-12T14:21:02 IST" skipped="0">
  <testcase classname="org.objectrepositary.LoginTest" name="login" time="25.179"/>
</testsuite> <!-- org.objectrepositary.LoginTest -->
