<?xml version="1.0" encoding="UTF-8"?>
<!-- Generated by org.testng.reporters.JUnitReportReporter -->
<testsuite hostname="DESKTOP-1IU5JRQ" failures="0" tests="1" name="org.objectrepositary.LoginTest" time="21.667" errors="0" timestamp="2024-04-12T13:56:42 IST" skipped="0">
  <testcase classname="org.objectrepositary.LoginTest" name="login" time="21.667"/>
</testsuite> <!-- org.objectrepositary.LoginTest -->
